<?xml version="1.0" encoding="UTF-8"?>
<!-- Generated by org.testng.reporters.JUnitReportReporter -->
<testsuite hostname="Ehan-Baba-Laptop" failures="0" tests="1" name="com.Runner.MyRunner" time="0.008" errors="0" timestamp="2023-09-21T21:54:49 EDT" skipped="0">
  <testcase classname="com.Runner.MyRunner" name="feature" time="0.008"/>
</testsuite> <!-- com.Runner.MyRunner -->
