<?xml version="1.0" encoding="UTF-8"?>
<!-- Generated by org.testng.reporters.JUnitReportReporter -->
<testsuite hostname="Ehan-Baba-Laptop" failures="0" tests="1" name="com.TestNgPractice.ParameterTestNg" time="0.008" errors="0" timestamp="2023-10-28T14:31:59 EDT" skipped="0">
  <testcase classname="com.TestNgPractice.ParameterTestNg" name="practiceParameterinTestNg" time="0.008"/>
</testsuite> <!-- com.TestNgPractice.ParameterTestNg -->
