<?xml version="1.0" encoding="UTF-8"?>
<!-- Generated by org.testng.reporters.JUnitReportReporter -->
<testsuite hostname="Ehan-Baba-Laptop" failures="0" tests="2" name="com.TestNgPractice.PracticeTestNgMethod" time="0.010" errors="0" timestamp="2023-10-28T11:49:21 EDT" skipped="0">
  <testcase classname="com.TestNgPractice.PracticeTestNgMethod" name="login" time="0.009"/>
  <testcase classname="com.TestNgPractice.PracticeTestNgMethod" name="cart" time="0.001"/>
</testsuite> <!-- com.TestNgPractice.PracticeTestNgMethod -->
